# JRE version: Java(TM) SE Runtime Environment (21.0+35) (build 21+35-LTS-2513)
# Java VM: Java HotSpot(TM) 64-Bit Server VM (21+35-LTS-2513, mixed mode, emulated-client, sharing, tiered, compressed oops, compressed class ptrs, g1 gc, windows-amd64)
GC Precious Log:
 CardTable entry size: 512
 Card Set container configuration: InlinePtr #cards 4 size 8 Array Of Cards #cards 16 size 48 Howl #buckets 8 coarsen threshold 3686 Howl Bitmap #cards 512 size 80 coarsen threshold 460 Card regions per heap region 1 cards per card region 4096
 CPUs: 12 total, 12 available
 Memory: 16122M
 Large Page Support: Disabled
 NUMA Support: Disabled
 Compressed Oops: Enabled (Zero based)
 Heap Region Size: 2M
 Heap Min Capacity: 8M
 Heap Initial Capacity: 252M
 Heap Max Capacity: 4032M
 Pre-touch: Disabled
 Parallel Workers: 10
 Concurrent Workers: 3
 Concurrent Refinement Workers: 10
 Periodic GC: Disabled
Heap:
 garbage-first heap   total 118784K, used 46292K [0x0000000704000000, 0x0000000800000000)
  region size 2048K, 8 young (16384K), 4 survivors (8192K)
 Metaspace       used 77710K, committed 78592K, reserved 1179648K
  class space    used 11167K, committed 11584K, reserved 1048576K
GC Heap History (20 events):
Event: 3.299 GC heap before
{Heap before GC invocations=12 (full 0):
 garbage-first heap   total 81920K, used 67507K [0x0000000704000000, 0x0000000800000000)
  region size 2048K, 24 young (49152K), 3 survivors (6144K)
 Metaspace       used 46734K, committed 47424K, reserved 1114112K
  class space    used 6399K, committed 6720K, reserved 1048576K
}
Event: 3.302 GC heap after
{Heap after GC invocations=13 (full 0):
 garbage-first heap   total 98304K, used 25922K [0x0000000704000000, 0x0000000800000000)
  region size 2048K, 2 young (4096K), 2 survivors (4096K)
 Metaspace       used 46734K, committed 47424K, reserved 1114112K
  class space    used 6399K, committed 6720K, reserved 1048576K
}
Event: 3.619 GC heap before
{Heap before GC invocations=13 (full 0):
 garbage-first heap   total 98304K, used 79170K [0x0000000704000000, 0x0000000800000000)
  region size 2048K, 28 young (57344K), 2 survivors (4096K)
 Metaspace       used 51669K, committed 52288K, reserved 1114112K
  class space    used 7023K, committed 7296K, reserved 1048576K
}
Event: 3.622 GC heap after
{Heap after GC invocations=14 (full 0):
 garbage-first heap   total 98304K, used 27450K [0x0000000704000000, 0x0000000800000000)
  region size 2048K, 3 young (6144K), 3 survivors (6144K)
 Metaspace       used 51669K, committed 52288K, reserved 1114112K
  class space    used 7023K, committed 7296K, reserved 1048576K
}
Event: 3.957 GC heap before
{Heap before GC invocations=14 (full 0):
 garbage-first heap   total 98304K, used 76602K [0x0000000704000000, 0x0000000800000000)
  region size 2048K, 28 young (57344K), 3 survivors (6144K)
 Metaspace       used 56779K, committed 57472K, reserved 1114112K
  class space    used 7946K, committed 8256K, reserved 1048576K
}
Event: 3.960 GC heap after
{Heap after GC invocations=15 (full 0):
 garbage-first heap   total 98304K, used 28396K [0x0000000704000000, 0x0000000800000000)
  region size 2048K, 3 young (6144K), 3 survivors (6144K)
 Metaspace       used 56779K, committed 57472K, reserved 1114112K
  class space    used 7946K, committed 8256K, reserved 1048576K
}
Event: 4.000 GC heap before
{Heap before GC invocations=15 (full 0):
 garbage-first heap   total 98304K, used 34540K [0x0000000704000000, 0x0000000800000000)
  region size 2048K, 7 young (14336K), 3 survivors (6144K)
 Metaspace       used 57548K, committed 58240K, reserved 1114112K
  class space    used 8054K, committed 8384K, reserved 1048576K
}
Event: 4.003 GC heap after
{Heap after GC invocations=16 (full 0):
 garbage-first heap   total 98304K, used 28421K [0x0000000704000000, 0x0000000800000000)
  region size 2048K, 2 young (4096K), 2 survivors (4096K)
 Metaspace       used 57548K, committed 58240K, reserved 1114112K
  class space    used 8054K, committed 8384K, reserved 1048576K
}
Event: 4.392 GC heap before
{Heap before GC invocations=17 (full 0):
 garbage-first heap   total 98304K, used 81669K [0x0000000704000000, 0x0000000800000000)
  region size 2048K, 28 young (57344K), 2 survivors (4096K)
 Metaspace       used 62191K, committed 62912K, reserved 1114112K
  class space    used 8715K, committed 9024K, reserved 1048576K
}
Event: 4.395 GC heap after
{Heap after GC invocations=18 (full 0):
 garbage-first heap   total 98304K, used 30204K [0x0000000704000000, 0x0000000800000000)
  region size 2048K, 3 young (6144K), 3 survivors (6144K)
 Metaspace       used 62191K, committed 62912K, reserved 1114112K
  class space    used 8715K, committed 9024K, reserved 1048576K
}
Event: 4.708 GC heap before
{Heap before GC invocations=18 (full 0):
 garbage-first heap   total 98304K, used 79356K [0x0000000704000000, 0x0000000800000000)
  region size 2048K, 28 young (57344K), 3 survivors (6144K)
 Metaspace       used 65747K, committed 66496K, reserved 1114112K
  class space    used 9349K, committed 9664K, reserved 1048576K
}
Event: 4.713 GC heap after
{Heap after GC invocations=19 (full 0):
 garbage-first heap   total 98304K, used 31651K [0x0000000704000000, 0x0000000800000000)
  region size 2048K, 4 young (8192K), 4 survivors (8192K)
 Metaspace       used 65747K, committed 66496K, reserved 1114112K
  class space    used 9349K, committed 9664K, reserved 1048576K
}
Event: 4.878 GC heap before
{Heap before GC invocations=19 (full 0):
 garbage-first heap   total 98304K, used 78755K [0x0000000704000000, 0x0000000800000000)
  region size 2048K, 28 young (57344K), 4 survivors (8192K)
 Metaspace       used 67367K, committed 68096K, reserved 1114112K
  class space    used 9695K, committed 9984K, reserved 1048576K
}
Event: 4.882 GC heap after
{Heap after GC invocations=20 (full 0):
 garbage-first heap   total 98304K, used 33507K [0x0000000704000000, 0x0000000800000000)
  region size 2048K, 3 young (6144K), 3 survivors (6144K)
 Metaspace       used 67367K, committed 68096K, reserved 1114112K
  class space    used 9695K, committed 9984K, reserved 1048576K
}
Event: 5.123 GC heap before
{Heap before GC invocations=20 (full 0):
 garbage-first heap   total 98304K, used 82659K [0x0000000704000000, 0x0000000800000000)
  region size 2048K, 28 young (57344K), 3 survivors (6144K)
 Metaspace       used 69308K, committed 69952K, reserved 1114112K
  class space    used 9954K, committed 10240K, reserved 1048576K
}
Event: 5.126 GC heap after
{Heap after GC invocations=21 (full 0):
 garbage-first heap   total 118784K, used 34812K [0x0000000704000000, 0x0000000800000000)
  region size 2048K, 3 young (6144K), 3 survivors (6144K)
 Metaspace       used 69308K, committed 69952K, reserved 1114112K
  class space    used 9954K, committed 10240K, reserved 1048576K
}
Event: 5.600 GC heap before
{Heap before GC invocations=21 (full 0):
 garbage-first heap   total 118784K, used 96252K [0x0000000704000000, 0x0000000800000000)
  region size 2048K, 34 young (69632K), 3 survivors (6144K)
 Metaspace       used 72642K, committed 73472K, reserved 1114112K
  class space    used 10453K, committed 10816K, reserved 1048576K
}
Event: 5.604 GC heap after
{Heap after GC invocations=22 (full 0):
 garbage-first heap   total 118784K, used 37948K [0x0000000704000000, 0x0000000800000000)
  region size 2048K, 4 young (8192K), 4 survivors (8192K)
 Metaspace       used 72642K, committed 73472K, reserved 1114112K
  class space    used 10453K, committed 10816K, reserved 1048576K
}
Event: 13.965 GC heap before
{Heap before GC invocations=22 (full 0):
 garbage-first heap   total 118784K, used 97340K [0x0000000704000000, 0x0000000800000000)
  region size 2048K, 34 young (69632K), 4 survivors (8192K)
 Metaspace       used 77641K, committed 78464K, reserved 1179648K
  class space    used 11155K, committed 11520K, reserved 1048576K
}
Event: 13.970 GC heap after
{Heap after GC invocations=23 (full 0):
 garbage-first heap   total 118784K, used 40148K [0x0000000704000000, 0x0000000800000000)
  region size 2048K, 4 young (8192K), 4 survivors (8192K)
 Metaspace       used 77641K, committed 78464K, reserved 1179648K
  class space    used 11155K, committed 11520K, reserved 1048576K
}

